The system is: Windows - 10.0.17134 - AMD64
Compiling the CXX compiler identification source file "CMakeCXXCompilerId.cpp" succeeded.
Compiler: D:/VisualStudio/VC/Tools/MSVC/14.13.26128/bin/Hostx64/x64/cl.exe 
Build flags: 
Id flags:  

The output was:
0
用于 x64 的 Microsoft (R) C/C++ 优化编译器 19.13.26132 版
版权所有(C) Microsoft Corporation。保留所有权利。

CMakeCXXCompilerId.cpp
Microsoft (R) Incremental Linker Version 14.13.26132.0
Copyright (C) Microsoft Corporation.  All rights reserved.

/out:CMakeCXXCompilerId.exe 
CMakeCXXCompilerId.obj 


Compilation of the CXX compiler identification source "CMakeCXXCompilerId.cpp" produced "CMakeCXXCompilerId.exe"

Compilation of the CXX compiler identification source "CMakeCXXCompilerId.cpp" produced "CMakeCXXCompilerId.obj"

The CXX compiler identification is MSVC, found in "D:/c_repo/cpp_prime/CMakeFiles/3.18.0-rc2/CompilerIdCXX/CMakeCXXCompilerId.exe"

Detecting CXX compiler ABI info compiled with the following output:
Change Dir: D:/c_repo/cpp_prime/CMakeFiles/CMakeTmp

Run Build Command(s):nmake /nologo cmTC_b74d0\fast && 	D:\VisualStudio\VC\Tools\MSVC\14.13.26128\bin\HostX64\x64\nmake.exe  -f CMakeFiles\cmTC_b74d0.dir\build.make /nologo -L                  CMakeFiles\cmTC_b74d0.dir\build
Building CXX object CMakeFiles/cmTC_b74d0.dir/CMakeCXXCompilerABI.cpp.obj
	D:\VisualStudio\VC\Tools\MSVC\14.13.26128\bin\Hostx64\x64\cl.exe @C:\Users\15623\AppData\Local\Temp\nm9331.tmp
CMakeCXXCompilerABI.cpp
Linking CXX executable cmTC_b74d0.exe
	D:\CMake\bin\cmake.exe -E vs_link_exe --intdir=CMakeFiles\cmTC_b74d0.dir --rc=C:\PROGRA~2\WI3CF2~1\10\bin\100162~1.0\x64\rc.exe --mt=C:\PROGRA~2\WI3CF2~1\10\bin\100162~1.0\x64\mt.exe --manifests -- D:\VisualStudio\VC\Tools\MSVC\14.13.26128\bin\Hostx64\x64\link.exe /nologo @CMakeFiles\cmTC_b74d0.dir\objects1.rsp @C:\Users\15623\AppData\Local\Temp\nm94B9.tmp



